{
  "RSpec": {
    "coverage": {
      "/Users/student/Projects/bank_tech_test/spec/account_spec.rb": [
        1,
        1,
        null,
        1,
        4,
        null,
        1,
        1,
        1,
        1,
        null,
        null,
        null,
        1,
        1,
        1,
        1,
        1,
        null,
        null,
        null,
        1,
        1,
        1,
        1,
        1,
        null,
        null,
        null,
        null
      ],
      "/Users/student/Projects/bank_tech_test/lib/account.rb": [
        1,
        null,
        1,
        1,
        null,
        1,
        null,
        1,
        3,
        3,
        null,
        null,
        1,
        3,
        3,
        null,
        null,
        1,
        2,
        2,
        null,
        null,
        1,
        2,
        null,
        null,
        1,
        1,
        null,
        null,
        null
      ],
      "/Users/student/Projects/bank_tech_test/lib/display.rb": [
        1,
        null,
        1,
        null,
        1,
        5,
        null,
        null,
        1,
        3,
        null,
        null,
        null
      ],
      "/Users/student/Projects/bank_tech_test/spec/display_spec.rb": [
        1,
        1,
        null,
        1,
        3,
        null,
        1,
        1,
        1,
        1,
        null,
        null,
        1,
        1,
        1,
        null,
        null,
        null,
        null
      ]
    },
    "timestamp": 1576596254
  }
}
